[debug] [2021-01-02T07:23:47.994Z] ----------------------------------------------------------------------
[debug] [2021-01-02T07:23:47.998Z] Command:       C:\Program Files\nodejs\node.exe C:\Users\samsung\AppData\Roaming\npm\node_modules\firebase-tools\lib\bin\firebase.js init
[debug] [2021-01-02T07:23:47.999Z] CLI Version:   9.1.0
[debug] [2021-01-02T07:23:47.999Z] Platform:      win32
[debug] [2021-01-02T07:23:47.999Z] Node Version:  v12.16.3
[debug] [2021-01-02T07:23:48.001Z] Time:          Sat Jan 02 2021 01:23:47 GMT-0600 (GMT-06:00)
[debug] [2021-01-02T07:23:48.002Z] ----------------------------------------------------------------------
[debug] [2021-01-02T07:23:48.002Z] 
[debug] [2021-01-02T07:23:48.017Z] > command requires scopes: ["email","openid","https://www.googleapis.com/auth/cloudplatformprojects.readonly","https://www.googleapis.com/auth/firebase","https://www.googleapis.com/auth/cloud-platform"]
[debug] [2021-01-02T07:23:48.018Z] > authorizing via signed-in user
[info] 
     ######## #### ########  ######## ########     ###     ######  ########
     ##        ##  ##     ## ##       ##     ##  ##   ##  ##       ##
     ######    ##  ########  ######   ########  #########  ######  ######
     ##        ##  ##    ##  ##       ##     ## ##     ##       ## ##
     ##       #### ##     ## ######## ########  ##     ##  ######  ########

You're about to initialize a Firebase project in this directory:

  C:\Users\samsung\Documents\SistemaCarlosUNI\sistema-de-control-de-asistencia-uni

[info] 
=== Project Setup
[info] 
[info] First, let's associate this project directory with a Firebase project.
[info] You can create multiple project aliases by running firebase use --add, 
[info] but for now we'll just set up a default project.
[info] 
[debug] [2021-01-02T07:24:00.257Z] >>> HTTP REQUEST GET https://firebase.googleapis.com/v1beta1/projects?pageSize=100  
 
[debug] [2021-01-02T07:24:00.875Z] <<< HTTP RESPONSE 200 {"content-type":"application/json; charset=UTF-8","vary":"X-Origin, Referer, Origin,Accept-Encoding","date":"Sat, 02 Jan 2021 07:23:36 GMT","server":"ESF","cache-control":"private","x-xss-protection":"0","x-frame-options":"SAMEORIGIN","x-content-type-options":"nosniff","alt-svc":"h3-29=\":443\"; ma=2592000,h3-T051=\":443\"; ma=2592000,h3-Q050=\":443\"; ma=2592000,h3-Q046=\":443\"; ma=2592000,h3-Q043=\":443\"; ma=2592000,quic=\":443\"; ma=2592000; v=\"46,43\"","accept-ranges":"none","transfer-encoding":"chunked"}
[info] i  Using project sistemawebasistenciascls-9fe91 (SistemaWebAsistenciasCLS) 
[info] 
=== Firestore Setup
[debug] [2021-01-02T07:24:04.775Z] >>> HTTP REQUEST GET https://serviceusage.googleapis.com/v1/projects/sistemawebasistenciascls-9fe91/services/firestore.googleapis.com  
 
[debug] [2021-01-02T07:24:05.595Z] <<< HTTP RESPONSE 200 {"content-type":"application/json; charset=UTF-8","vary":"X-Origin, Referer, Origin,Accept-Encoding","date":"Sat, 02 Jan 2021 07:23:40 GMT","server":"ESF","cache-control":"private","x-xss-protection":"0","x-frame-options":"SAMEORIGIN","x-content-type-options":"nosniff","alt-svc":"h3-29=\":443\"; ma=2592000,h3-T051=\":443\"; ma=2592000,h3-Q050=\":443\"; ma=2592000,h3-Q046=\":443\"; ma=2592000,h3-Q043=\":443\"; ma=2592000,quic=\":443\"; ma=2592000; v=\"46,43\"","accept-ranges":"none","transfer-encoding":"chunked"}
[debug] [2021-01-02T07:24:05.596Z] >>> HTTP REQUEST GET https://appengine.googleapis.com/v1/apps/sistemawebasistenciascls-9fe91  
 
[debug] [2021-01-02T07:24:06.316Z] <<< HTTP RESPONSE 200 {"content-type":"application/json; charset=UTF-8","vary":"X-Origin, Referer, Origin,Accept-Encoding","date":"Sat, 02 Jan 2021 07:23:41 GMT","server":"ESF","cache-control":"private","x-xss-protection":"0","x-frame-options":"SAMEORIGIN","x-content-type-options":"nosniff","alt-svc":"h3-29=\":443\"; ma=2592000,h3-T051=\":443\"; ma=2592000,h3-Q050=\":443\"; ma=2592000,h3-Q046=\":443\"; ma=2592000,h3-Q043=\":443\"; ma=2592000,quic=\":443\"; ma=2592000; v=\"46,43\"","accept-ranges":"none","transfer-encoding":"chunked"}
[debug] [2021-01-02T07:24:06.317Z] database_type: CLOUD_FIRESTORE
[debug] [2021-01-02T07:24:06.317Z] > command requires scopes: ["email","openid","https://www.googleapis.com/auth/cloudplatformprojects.readonly","https://www.googleapis.com/auth/firebase","https://www.googleapis.com/auth/cloud-platform"]
[debug] [2021-01-02T07:24:06.318Z] > authorizing via signed-in user
[debug] [2021-01-02T07:24:06.319Z] [iam] checking project sistemawebasistenciascls-9fe91 for permissions ["firebase.projects.get"]
[debug] [2021-01-02T07:24:06.319Z] >>> HTTP REQUEST POST https://cloudresourcemanager.googleapis.com/v1/projects/sistemawebasistenciascls-9fe91:testIamPermissions  
 {"permissions":["firebase.projects.get"]}
[debug] [2021-01-02T07:24:07.008Z] <<< HTTP RESPONSE 200 {"content-type":"application/json; charset=UTF-8","vary":"X-Origin, Referer, Origin,Accept-Encoding","date":"Sat, 02 Jan 2021 07:23:42 GMT","server":"ESF","cache-control":"private","x-xss-protection":"0","x-frame-options":"SAMEORIGIN","x-content-type-options":"nosniff","server-timing":"gfet4t7; dur=143","alt-svc":"h3-29=\":443\"; ma=2592000,h3-T051=\":443\"; ma=2592000,h3-Q050=\":443\"; ma=2592000,h3-Q046=\":443\"; ma=2592000,h3-Q043=\":443\"; ma=2592000,quic=\":443\"; ma=2592000; v=\"46,43\"","accept-ranges":"none","transfer-encoding":"chunked"}
[info] 
[info] Firestore Security Rules allow you to define how and when to allow
[info] requests. You can keep these rules in your project directory
[info] and publish them with firebase deploy.
[info] 
[debug] [2021-01-02T07:24:16.987Z] >>> HTTP REQUEST GET https://firebaserules.googleapis.com/v1/projects/sistemawebasistenciascls-9fe91/releases?pageSize=10&pageToken=  
 
[debug] [2021-01-02T07:24:17.700Z] <<< HTTP RESPONSE 200 {"content-type":"application/json; charset=UTF-8","vary":"X-Origin, Referer, Origin,Accept-Encoding","date":"Sat, 02 Jan 2021 07:23:53 GMT","server":"ESF","cache-control":"private","x-xss-protection":"0","x-frame-options":"SAMEORIGIN","x-content-type-options":"nosniff","alt-svc":"h3-29=\":443\"; ma=2592000,h3-T051=\":443\"; ma=2592000,h3-Q050=\":443\"; ma=2592000,h3-Q046=\":443\"; ma=2592000,h3-Q043=\":443\"; ma=2592000,quic=\":443\"; ma=2592000; v=\"46,43\"","accept-ranges":"none","transfer-encoding":"chunked"}
[debug] [2021-01-02T07:24:17.701Z] Found ruleset: projects/sistemawebasistenciascls-9fe91/rulesets/ab2534a4-efe9-4ae7-a737-6bb4b56a7b9a
[debug] [2021-01-02T07:24:17.701Z] >>> HTTP REQUEST GET https://firebaserules.googleapis.com/v1/projects/sistemawebasistenciascls-9fe91/rulesets/ab2534a4-efe9-4ae7-a737-6bb4b56a7b9a  
 
[debug] [2021-01-02T07:24:18.213Z] <<< HTTP RESPONSE 200 {"content-type":"application/json; charset=UTF-8","vary":"X-Origin, Referer, Origin,Accept-Encoding","date":"Sat, 02 Jan 2021 07:23:53 GMT","server":"ESF","cache-control":"private","x-xss-protection":"0","x-frame-options":"SAMEORIGIN","x-content-type-options":"nosniff","alt-svc":"h3-29=\":443\"; ma=2592000,h3-T051=\":443\"; ma=2592000,h3-Q050=\":443\"; ma=2592000,h3-Q046=\":443\"; ma=2592000,h3-Q043=\":443\"; ma=2592000,quic=\":443\"; ma=2592000; v=\"46,43\"","accept-ranges":"none","transfer-encoding":"chunked"}
[info] 
[info] Firestore indexes allow you to perform complex queries while
[info] maintaining performance that scales with the size of the result
[info] set. You can keep index definitions in your project directory
[info] and publish them with firebase deploy.
[info] 
[debug] [2021-01-02T07:24:25.818Z] >>> HTTP REQUEST GET https://firestore.googleapis.com/v1/projects/sistemawebasistenciascls-9fe91/databases/(default)/collectionGroups/-/indexes  
 
[debug] [2021-01-02T07:24:25.819Z] >>> HTTP REQUEST GET https://firestore.googleapis.com/v1/projects/sistemawebasistenciascls-9fe91/databases/(default)/collectionGroups/-/fields?filter=indexConfig.usesAncestorConfig=false  
 
[debug] [2021-01-02T07:24:26.979Z] <<< HTTP RESPONSE 200 {"content-type":"application/json; charset=UTF-8","vary":"X-Origin, Referer, Origin,Accept-Encoding","date":"Sat, 02 Jan 2021 07:24:02 GMT","server":"ESF","cache-control":"private","x-xss-protection":"0","x-frame-options":"SAMEORIGIN","x-content-type-options":"nosniff","alt-svc":"h3-29=\":443\"; ma=2592000,h3-T051=\":443\"; ma=2592000,h3-Q050=\":443\"; ma=2592000,h3-Q046=\":443\"; ma=2592000,h3-Q043=\":443\"; ma=2592000,quic=\":443\"; ma=2592000; v=\"46,43\"","accept-ranges":"none","transfer-encoding":"chunked"}
[debug] [2021-01-02T07:24:27.200Z] <<< HTTP RESPONSE 200 {"content-type":"application/json; charset=UTF-8","vary":"X-Origin, Referer, Origin,Accept-Encoding","date":"Sat, 02 Jan 2021 07:24:02 GMT","server":"ESF","cache-control":"private","x-xss-protection":"0","x-frame-options":"SAMEORIGIN","x-content-type-options":"nosniff","alt-svc":"h3-29=\":443\"; ma=2592000,h3-T051=\":443\"; ma=2592000,h3-Q050=\":443\"; ma=2592000,h3-Q046=\":443\"; ma=2592000,h3-Q043=\":443\"; ma=2592000,quic=\":443\"; ma=2592000; v=\"46,43\"","accept-ranges":"none","transfer-encoding":"chunked"}
[info] 
=== Functions Setup
[info] 
[info] A functions directory will be created in your project with a Node.js
[info] package pre-configured. Functions can be deployed with firebase deploy.
[info] 
[debug] [2021-01-02T07:24:27.210Z] > command requires scopes: ["email","openid","https://www.googleapis.com/auth/cloudplatformprojects.readonly","https://www.googleapis.com/auth/firebase","https://www.googleapis.com/auth/cloud-platform"]
[debug] [2021-01-02T07:24:27.211Z] > authorizing via signed-in user
[debug] [2021-01-02T07:24:27.211Z] [iam] checking project sistemawebasistenciascls-9fe91 for permissions ["firebase.projects.get"]
[debug] [2021-01-02T07:24:27.211Z] >>> HTTP REQUEST POST https://cloudresourcemanager.googleapis.com/v1/projects/sistemawebasistenciascls-9fe91:testIamPermissions  
 {"permissions":["firebase.projects.get"]}
[debug] [2021-01-02T07:24:27.854Z] <<< HTTP RESPONSE 200 {"content-type":"application/json; charset=UTF-8","vary":"X-Origin, Referer, Origin,Accept-Encoding","date":"Sat, 02 Jan 2021 07:24:03 GMT","server":"ESF","cache-control":"private","x-xss-protection":"0","x-frame-options":"SAMEORIGIN","x-content-type-options":"nosniff","server-timing":"gfet4t7; dur=138","alt-svc":"h3-29=\":443\"; ma=2592000,h3-T051=\":443\"; ma=2592000,h3-Q050=\":443\"; ma=2592000,h3-Q046=\":443\"; ma=2592000,h3-Q043=\":443\"; ma=2592000,quic=\":443\"; ma=2592000; v=\"46,43\"","accept-ranges":"none","transfer-encoding":"chunked"}
[debug] [2021-01-02T07:24:27.855Z] >>> HTTP REQUEST POST https://serviceusage.googleapis.com/v1/projects/sistemawebasistenciascls-9fe91/services/cloudfunctions.googleapis.com:enable  
 
[debug] [2021-01-02T07:24:27.856Z] >>> HTTP REQUEST POST https://serviceusage.googleapis.com/v1/projects/sistemawebasistenciascls-9fe91/services/runtimeconfig.googleapis.com:enable  
 
[debug] [2021-01-02T07:24:28.576Z] <<< HTTP RESPONSE 200 {"content-type":"application/json; charset=UTF-8","vary":"X-Origin, Referer, Origin,Accept-Encoding","date":"Sat, 02 Jan 2021 07:24:04 GMT","server":"ESF","cache-control":"private","x-xss-protection":"0","x-frame-options":"SAMEORIGIN","x-content-type-options":"nosniff","alt-svc":"h3-29=\":443\"; ma=2592000,h3-T051=\":443\"; ma=2592000,h3-Q050=\":443\"; ma=2592000,h3-Q046=\":443\"; ma=2592000,h3-Q043=\":443\"; ma=2592000,quic=\":443\"; ma=2592000; v=\"46,43\"","accept-ranges":"none","transfer-encoding":"chunked"}
[debug] [2021-01-02T07:24:29.204Z] <<< HTTP RESPONSE 200 {"content-type":"application/json; charset=UTF-8","vary":"X-Origin, Referer, Origin,Accept-Encoding","date":"Sat, 02 Jan 2021 07:24:04 GMT","server":"ESF","cache-control":"private","x-xss-protection":"0","x-frame-options":"SAMEORIGIN","x-content-type-options":"nosniff","alt-svc":"h3-29=\":443\"; ma=2592000,h3-T051=\":443\"; ma=2592000,h3-Q050=\":443\"; ma=2592000,h3-Q046=\":443\"; ma=2592000,h3-Q043=\":443\"; ma=2592000,quic=\":443\"; ma=2592000; v=\"46,43\"","accept-ranges":"none","transfer-encoding":"chunked"}
[info] +  Wrote functions/package.json 
[info] +  Wrote functions/.eslintrc.json 
[info] +  Wrote functions/index.js 
[info] +  Wrote functions/.gitignore 
[info] 
=== Hosting Setup
[info] 
[info] Your public directory is the folder (relative to your project directory) that
[info] will contain Hosting assets to be uploaded with firebase deploy. If you
[info] have a build process for your assets, use your build's output directory.
[info] 
[debug] [2021-01-02T07:27:52.519Z] >>> [apiv2][query] GET https://www.gstatic.com/firebasejs/releases.json [none]
[debug] [2021-01-02T07:27:53.193Z] <<< [apiv2][status] GET https://www.gstatic.com/firebasejs/releases.json 200
[debug] [2021-01-02T07:27:53.194Z] <<< [apiv2][body] GET https://www.gstatic.com/firebasejs/releases.json {"current":{"version":"8.2.1","browserURL":"https://www.gstatic.com/firebasejs/8.2.1/firebase.js","packageURL":"https://www.gstatic.com/firebasejs/8.2.1/firebase.tgz"},"live":{"version":"8.2","browserURL":"https://www.gstatic.com/firebasejs/live/8.2/firebase.js","packageURL":"https://www.gstatic.com/firebasejs/live/8.2/firebase.tgz"},"components":{"analytics":"https://www.gstatic.com/firebasejs/8.2.1/firebase-analytics.js","app":"https://www.gstatic.com/firebasejs/8.2.1/firebase-app.js","auth":"https://www.gstatic.com/firebasejs/8.2.1/firebase-auth.js","database":"https://www.gstatic.com/firebasejs/8.2.1/firebase-database.js","firestore":"https://www.gstatic.com/firebasejs/8.2.1/firebase-firestore.js","functions":"https://www.gstatic.com/firebasejs/8.2.1/firebase-functions.js","installations":"https://www.gstatic.com/firebasejs/8.2.1/firebase-installations.js","messaging":"https://www.gstatic.com/firebasejs/8.2.1/firebase-messaging.js","storage":"https://www.gstatic.com/firebasejs/8.2.1/firebase-storage.js","performance":"https://www.gstatic.com/firebasejs/8.2.1/firebase-performance.js","remote-config":"https://www.gstatic.com/firebasejs/8.2.1/firebase-remote-config.js","firestore.memory":"https://www.gstatic.com/firebasejs/8.2.1/firebase-firestore.memory.js"}}
[info] +  Wrote /index.html 
[info] 
[info] i  Detected a .git folder at C:\Users\samsung\Documents\SistemaCarlosUNI\sistema-de-control-de-asistencia-uni 
[info] i  Authorizing with GitHub to upload your service account to a GitHub repository's secrets store. 
[info] 
[info] Visit this URL on this device to log in:
[info] https://github.com/login/oauth/authorize?client_id=89cf50f02ac6aaed3484&state=571027657&redirect_uri=http%3A%2F%2Flocalhost%3A9005&scope=read%3Auser%20repo%20public_repo
[info] 
[info] Waiting for authentication...
[debug] [2021-01-02T07:31:06.938Z] >>> HTTP REQUEST POST https://github.com/login/oauth/access_token  
 {"client_id":"89cf50f02ac6aaed3484","client_secret":"3330d14abc895d9a74d5f17cd7a00711fa2c5bf0","code":"7253dd452aa5e2e62a89","redirect_uri":"http://localhost:9005","state":"571027657"}
[debug] [2021-01-02T07:31:07.517Z] <<< HTTP RESPONSE 200 {"server":"GitHub.com","date":"Sat, 02 Jan 2021 07:30:42 GMT","content-type":"application/json; charset=utf-8","transfer-encoding":"chunked","status":"200 OK","vary":"X-PJAX, Accept-Encoding, Accept, X-Requested-With","etag":"W/\"bdebb73389ebef5167659d103a1b8012\"","cache-control":"max-age=0, private, must-revalidate","strict-transport-security":"max-age=31536000; includeSubdomains; preload","x-frame-options":"deny","x-content-type-options":"nosniff","x-xss-protection":"1; mode=block","referrer-policy":"origin-when-cross-origin, strict-origin-when-cross-origin","expect-ct":"max-age=2592000, report-uri=\"https://api.github.com/_private/browser/errors\"","content-security-policy":"default-src 'none'; base-uri 'self'; block-all-mixed-content; connect-src 'self' uploads.github.com www.githubstatus.com collector.githubapp.com api.github.com github-cloud.s3.amazonaws.com github-production-repository-file-5c1aeb.s3.amazonaws.com github-production-upload-manifest-file-7fdce7.s3.amazonaws.com github-production-user-asset-6210df.s3.amazonaws.com cdn.optimizely.com logx.optimizely.com/v1/events wss://alive.github.com; font-src github.githubassets.com; form-action 'self' github.com gist.github.com; frame-ancestors 'none'; frame-src render.githubusercontent.com; img-src 'self' data: github.githubassets.com identicons.github.com collector.githubapp.com github-cloud.s3.amazonaws.com *.githubusercontent.com; manifest-src 'self'; media-src 'none'; script-src github.githubassets.com; style-src 'unsafe-inline' github.githubassets.com; worker-src github.com/socket-worker-5029ae85.js gist.github.com/socket-worker-5029ae85.js","x-github-request-id":"6E79:3D8C:63EF346:8F44897:5FF02122"}
[debug] [2021-01-02T07:31:07.519Z] >>> [apiv2][query] GET https://api.github.com/user [none]
[debug] [2021-01-02T07:31:08.067Z] <<< [apiv2][status] GET https://api.github.com/user 200
[debug] [2021-01-02T07:31:08.067Z] <<< [apiv2][body] GET https://api.github.com/user {"login":"AbnerNavarro99","id":31590948,"node_id":"MDQ6VXNlcjMxNTkwOTQ4","avatar_url":"https://avatars3.githubusercontent.com/u/31590948?v=4","gravatar_id":"","url":"https://api.github.com/users/AbnerNavarro99","html_url":"https://github.com/AbnerNavarro99","followers_url":"https://api.github.com/users/AbnerNavarro99/followers","following_url":"https://api.github.com/users/AbnerNavarro99/following{/other_user}","gists_url":"https://api.github.com/users/AbnerNavarro99/gists{/gist_id}","starred_url":"https://api.github.com/users/AbnerNavarro99/starred{/owner}{/repo}","subscriptions_url":"https://api.github.com/users/AbnerNavarro99/subscriptions","organizations_url":"https://api.github.com/users/AbnerNavarro99/orgs","repos_url":"https://api.github.com/users/AbnerNavarro99/repos","events_url":"https://api.github.com/users/AbnerNavarro99/events{/privacy}","received_events_url":"https://api.github.com/users/AbnerNavarro99/received_events","type":"User","site_admin":false,"name":null,"company":null,"blog":"","location":null,"email":null,"hireable":null,"bio":null,"twitter_username":null,"public_repos":2,"public_gists":0,"followers":0,"following":3,"created_at":"2017-09-03T13:34:50Z","updated_at":"2021-01-02T07:30:40Z","private_gists":0,"total_private_repos":0,"owned_private_repos":0,"disk_usage":7498,"collaborators":0,"two_factor_authentication":false,"plan":{"name":"free","space":976562499,"collaborators":0,"private_repos":10000}}
[info] 
[info] +  Success! Logged into GitHub as AbnerNavarro99 
[info] 
[debug] [2021-01-02T07:31:37.566Z] >>> [apiv2][query] GET https://api.github.com/repos/https://console.firebase.google.com/project/sistemawebasistenciascls-9fe91/storage/sistemawebasistenciascls-9fe91.appspot.com/fileshttps://console.firebase.google.com/project/sistemawebasistenciascls-9fe91/storage/sistemawebasistenciascls-9fe91.appspot.com/files/actions/secrets/public-key type=owner
[debug] [2021-01-02T07:31:38.209Z] <<< [apiv2][status] GET https://api.github.com/repos/https://console.firebase.google.com/project/sistemawebasistenciascls-9fe91/storage/sistemawebasistenciascls-9fe91.appspot.com/fileshttps://console.firebase.google.com/project/sistemawebasistenciascls-9fe91/storage/sistemawebasistenciascls-9fe91.appspot.com/files/actions/secrets/public-key 404
[debug] [2021-01-02T07:31:38.209Z] <<< [apiv2][body] GET https://api.github.com/repos/https://console.firebase.google.com/project/sistemawebasistenciascls-9fe91/storage/sistemawebasistenciascls-9fe91.appspot.com/fileshttps://console.firebase.google.com/project/sistemawebasistenciascls-9fe91/storage/sistemawebasistenciascls-9fe91.appspot.com/files/actions/secrets/public-key {"message":"Not Found","documentation_url":"https://docs.github.com/rest"}
[debug] [2021-01-02T07:33:53.509Z] >>> [apiv2][query] GET https://api.github.com/repos/AbnerNavarro99/SistemaCLS/actions/secrets/public-key type=owner
[debug] [2021-01-02T07:33:54.176Z] <<< [apiv2][status] GET https://api.github.com/repos/AbnerNavarro99/SistemaCLS/actions/secrets/public-key 200
[debug] [2021-01-02T07:33:54.176Z] <<< [apiv2][body] GET https://api.github.com/repos/AbnerNavarro99/SistemaCLS/actions/secrets/public-key {"key_id":"568250167242549743","key":"PfzKKPoVHk6FKW3nz+wNFNPgcriKOSCFaexN5cMbK0M="}
[debug] [2021-01-02T07:33:54.179Z] >>> [apiv2][query] GET https://api.github.com/repos/AbnerNavarro99/SistemaCLS [none]
[debug] [2021-01-02T07:33:54.740Z] <<< [apiv2][status] GET https://api.github.com/repos/AbnerNavarro99/SistemaCLS 200
